[2019-11-07 08:31:25] local.ERROR: Class 'Barryvdh\Cors\ServiceProvider' not found {"exception":"[object] (Symfony\\Component\\Debug\\Exception\\FatalThrowableError(code: 0): Class 'Barryvdh\\Cors\\ServiceProvider' not found at /home/yachinvn/public_html/vendor/laravel/framework/src/Illuminate/Foundation/Application.php:670)
[stacktrace]
#0 /home/yachinvn/public_html/vendor/laravel/framework/src/Illuminate/Foundation/Application.php(604): Illuminate\\Foundation\\Application->resolveProvider('Barryvdh\\\\Cors\\\\S...')
#1 /home/yachinvn/public_html/vendor/laravel/framework/src/Illuminate/Foundation/ProviderRepository.php(75): Illuminate\\Foundation\\Application->register('Barryvdh\\\\Cors\\\\S...')
#2 /home/yachinvn/public_html/vendor/laravel/framework/src/Illuminate/Foundation/Application.php(584): Illuminate\\Foundation\\ProviderRepository->load(Array)
#3 /home/yachinvn/public_html/vendor/laravel/framework/src/Illuminate/Foundation/Bootstrap/RegisterProviders.php(17): Illuminate\\Foundation\\Application->registerConfiguredProviders()
#4 /home/yachinvn/public_html/vendor/laravel/framework/src/Illuminate/Foundation/Application.php(210): Illuminate\\Foundation\\Bootstrap\\RegisterProviders->bootstrap(Object(Illuminate\\Foundation\\Application))
#5 /home/yachinvn/public_html/vendor/laravel/framework/src/Illuminate/Foundation/Http/Kernel.php(162): Illuminate\\Foundation\\Application->bootstrapWith(Array)
#6 /home/yachinvn/public_html/vendor/laravel/framework/src/Illuminate/Foundation/Http/Kernel.php(146): Illuminate\\Foundation\\Http\\Kernel->bootstrap()
#7 /home/yachinvn/public_html/vendor/laravel/framework/src/Illuminate/Foundation/Http/Kernel.php(116): Illuminate\\Foundation\\Http\\Kernel->sendRequestThroughRouter(Object(Illuminate\\Http\\Request))
#8 /home/yachinvn/public_html/public/index.php(55): Illuminate\\Foundation\\Http\\Kernel->handle(Object(Illuminate\\Http\\Request))
#9 {main}
"} 
[2019-11-07 08:31:25] local.ERROR: Class Barryvdh\Cors\HandleCors does not exist {"exception":"[object] (ReflectionException(code: -1): Class Barryvdh\\Cors\\HandleCors does not exist at /home/yachinvn/public_html/vendor/laravel/framework/src/Illuminate/Container/Container.php:788)
[stacktrace]
#0 /home/yachinvn/public_html/vendor/laravel/framework/src/Illuminate/Container/Container.php(788): ReflectionClass->__construct('Barryvdh\\\\Cors\\\\H...')
#1 /home/yachinvn/public_html/vendor/laravel/framework/src/Illuminate/Container/Container.php(667): Illuminate\\Container\\Container->build('Barryvdh\\\\Cors\\\\H...')
#2 /home/yachinvn/public_html/vendor/laravel/framework/src/Illuminate/Container/Container.php(615): Illuminate\\Container\\Container->resolve('Barryvdh\\\\Cors\\\\H...', Array)
#3 /home/yachinvn/public_html/vendor/laravel/framework/src/Illuminate/Foundation/Application.php(767): Illuminate\\Container\\Container->make('Barryvdh\\\\Cors\\\\H...', Array)
#4 /home/yachinvn/public_html/vendor/laravel/framework/src/Illuminate/Foundation/Http/Kernel.php(215): Illuminate\\Foundation\\Application->make('Barryvdh\\\\Cors\\\\H...')
#5 /home/yachinvn/public_html/vendor/laravel/framework/src/Illuminate/Foundation/Http/Kernel.php(189): Illuminate\\Foundation\\Http\\Kernel->terminateMiddleware(Object(Illuminate\\Http\\Request), Object(Illuminate\\Http\\Response))
#6 /home/yachinvn/public_html/public/index.php(60): Illuminate\\Foundation\\Http\\Kernel->terminate(Object(Illuminate\\Http\\Request), Object(Illuminate\\Http\\Response))
#7 {main}
"} 
[2019-11-07 08:31:56] local.ERROR: Class 'Barryvdh\Cors\ServiceProvider' not found {"exception":"[object] (Symfony\\Component\\Debug\\Exception\\FatalThrowableError(code: 0): Class 'Barryvdh\\Cors\\ServiceProvider' not found at /home/yachinvn/public_html/vendor/laravel/framework/src/Illuminate/Foundation/Application.php:670)
[stacktrace]
#0 /home/yachinvn/public_html/vendor/laravel/framework/src/Illuminate/Foundation/Application.php(604): Illuminate\\Foundation\\Application->resolveProvider('Barryvdh\\\\Cors\\\\S...')
#1 /home/yachinvn/public_html/vendor/laravel/framework/src/Illuminate/Foundation/ProviderRepository.php(75): Illuminate\\Foundation\\Application->register('Barryvdh\\\\Cors\\\\S...')
#2 /home/yachinvn/public_html/vendor/laravel/framework/src/Illuminate/Foundation/Application.php(584): Illuminate\\Foundation\\ProviderRepository->load(Array)
#3 /home/yachinvn/public_html/vendor/laravel/framework/src/Illuminate/Foundation/Bootstrap/RegisterProviders.php(17): Illuminate\\Foundation\\Application->registerConfiguredProviders()
#4 /home/yachinvn/public_html/vendor/laravel/framework/src/Illuminate/Foundation/Application.php(210): Illuminate\\Foundation\\Bootstrap\\RegisterProviders->bootstrap(Object(Illuminate\\Foundation\\Application))
#5 /home/yachinvn/public_html/vendor/laravel/framework/src/Illuminate/Foundation/Http/Kernel.php(162): Illuminate\\Foundation\\Application->bootstrapWith(Array)
#6 /home/yachinvn/public_html/vendor/laravel/framework/src/Illuminate/Foundation/Http/Kernel.php(146): Illuminate\\Foundation\\Http\\Kernel->bootstrap()
#7 /home/yachinvn/public_html/vendor/laravel/framework/src/Illuminate/Foundation/Http/Kernel.php(116): Illuminate\\Foundation\\Http\\Kernel->sendRequestThroughRouter(Object(Illuminate\\Http\\Request))
#8 /home/yachinvn/public_html/public/index.php(55): Illuminate\\Foundation\\Http\\Kernel->handle(Object(Illuminate\\Http\\Request))
#9 {main}
"} 
[2019-11-07 08:31:56] local.ERROR: Class Barryvdh\Cors\HandleCors does not exist {"exception":"[object] (ReflectionException(code: -1): Class Barryvdh\\Cors\\HandleCors does not exist at /home/yachinvn/public_html/vendor/laravel/framework/src/Illuminate/Container/Container.php:788)
[stacktrace]
#0 /home/yachinvn/public_html/vendor/laravel/framework/src/Illuminate/Container/Container.php(788): ReflectionClass->__construct('Barryvdh\\\\Cors\\\\H...')
#1 /home/yachinvn/public_html/vendor/laravel/framework/src/Illuminate/Container/Container.php(667): Illuminate\\Container\\Container->build('Barryvdh\\\\Cors\\\\H...')
#2 /home/yachinvn/public_html/vendor/laravel/framework/src/Illuminate/Container/Container.php(615): Illuminate\\Container\\Container->resolve('Barryvdh\\\\Cors\\\\H...', Array)
#3 /home/yachinvn/public_html/vendor/laravel/framework/src/Illuminate/Foundation/Application.php(767): Illuminate\\Container\\Container->make('Barryvdh\\\\Cors\\\\H...', Array)
#4 /home/yachinvn/public_html/vendor/laravel/framework/src/Illuminate/Foundation/Http/Kernel.php(215): Illuminate\\Foundation\\Application->make('Barryvdh\\\\Cors\\\\H...')
#5 /home/yachinvn/public_html/vendor/laravel/framework/src/Illuminate/Foundation/Http/Kernel.php(189): Illuminate\\Foundation\\Http\\Kernel->terminateMiddleware(Object(Illuminate\\Http\\Request), Object(Illuminate\\Http\\Response))
#6 /home/yachinvn/public_html/public/index.php(60): Illuminate\\Foundation\\Http\\Kernel->terminate(Object(Illuminate\\Http\\Request), Object(Illuminate\\Http\\Response))
#7 {main}
"} 
[2019-11-07 08:31:58] local.ERROR: Class 'Barryvdh\Cors\ServiceProvider' not found {"exception":"[object] (Symfony\\Component\\Debug\\Exception\\FatalThrowableError(code: 0): Class 'Barryvdh\\Cors\\ServiceProvider' not found at /home/yachinvn/public_html/vendor/laravel/framework/src/Illuminate/Foundation/Application.php:670)
[stacktrace]
#0 /home/yachinvn/public_html/vendor/laravel/framework/src/Illuminate/Foundation/Application.php(604): Illuminate\\Foundation\\Application->resolveProvider('Barryvdh\\\\Cors\\\\S...')
#1 /home/yachinvn/public_html/vendor/laravel/framework/src/Illuminate/Foundation/ProviderRepository.php(75): Illuminate\\Foundation\\Application->register('Barryvdh\\\\Cors\\\\S...')
#2 /home/yachinvn/public_html/vendor/laravel/framework/src/Illuminate/Foundation/Application.php(584): Illuminate\\Foundation\\ProviderRepository->load(Array)
#3 /home/yachinvn/public_html/vendor/laravel/framework/src/Illuminate/Foundation/Bootstrap/RegisterProviders.php(17): Illuminate\\Foundation\\Application->registerConfiguredProviders()
#4 /home/yachinvn/public_html/vendor/laravel/framework/src/Illuminate/Foundation/Application.php(210): Illuminate\\Foundation\\Bootstrap\\RegisterProviders->bootstrap(Object(Illuminate\\Foundation\\Application))
#5 /home/yachinvn/public_html/vendor/laravel/framework/src/Illuminate/Foundation/Http/Kernel.php(162): Illuminate\\Foundation\\Application->bootstrapWith(Array)
#6 /home/yachinvn/public_html/vendor/laravel/framework/src/Illuminate/Foundation/Http/Kernel.php(146): Illuminate\\Foundation\\Http\\Kernel->bootstrap()
#7 /home/yachinvn/public_html/vendor/laravel/framework/src/Illuminate/Foundation/Http/Kernel.php(116): Illuminate\\Foundation\\Http\\Kernel->sendRequestThroughRouter(Object(Illuminate\\Http\\Request))
#8 /home/yachinvn/public_html/public/index.php(55): Illuminate\\Foundation\\Http\\Kernel->handle(Object(Illuminate\\Http\\Request))
#9 {main}
"} 
[2019-11-07 08:31:59] local.ERROR: Class Barryvdh\Cors\HandleCors does not exist {"exception":"[object] (ReflectionException(code: -1): Class Barryvdh\\Cors\\HandleCors does not exist at /home/yachinvn/public_html/vendor/laravel/framework/src/Illuminate/Container/Container.php:788)
[stacktrace]
#0 /home/yachinvn/public_html/vendor/laravel/framework/src/Illuminate/Container/Container.php(788): ReflectionClass->__construct('Barryvdh\\\\Cors\\\\H...')
#1 /home/yachinvn/public_html/vendor/laravel/framework/src/Illuminate/Container/Container.php(667): Illuminate\\Container\\Container->build('Barryvdh\\\\Cors\\\\H...')
#2 /home/yachinvn/public_html/vendor/laravel/framework/src/Illuminate/Container/Container.php(615): Illuminate\\Container\\Container->resolve('Barryvdh\\\\Cors\\\\H...', Array)
#3 /home/yachinvn/public_html/vendor/laravel/framework/src/Illuminate/Foundation/Application.php(767): Illuminate\\Container\\Container->make('Barryvdh\\\\Cors\\\\H...', Array)
#4 /home/yachinvn/public_html/vendor/laravel/framework/src/Illuminate/Foundation/Http/Kernel.php(215): Illuminate\\Foundation\\Application->make('Barryvdh\\\\Cors\\\\H...')
#5 /home/yachinvn/public_html/vendor/laravel/framework/src/Illuminate/Foundation/Http/Kernel.php(189): Illuminate\\Foundation\\Http\\Kernel->terminateMiddleware(Object(Illuminate\\Http\\Request), Object(Illuminate\\Http\\Response))
#6 /home/yachinvn/public_html/public/index.php(60): Illuminate\\Foundation\\Http\\Kernel->terminate(Object(Illuminate\\Http\\Request), Object(Illuminate\\Http\\Response))
#7 {main}
"} 
